<?xml version="1.0" encoding="UTF-8"?>
<!-- Generated by org.testng.reporters.JUnitReportReporter -->
<testsuite hostname="welcome-PC" name="mmm.Web" tests="1" failures="0" timestamp="16 May 2019 07:56:23 GMT" time="40.819" errors="0">
  <testcase name="setip" time="40.819" classname="mmm.Web"/>
</testsuite> <!-- mmm.Web -->
